<?xml version="1.0" encoding="UTF-8"?>
<testng-results skipped="0" failed="0" total="1" passed="1">
  <reporter-output>
  </reporter-output>
  <suite name="Parameterization Test Suite" duration-ms="7828" started-at="2019-05-31T12:59:42Z" finished-at="2019-05-31T12:59:49Z">
    <groups>
    </groups>
    <test name="Test Login" duration-ms="7828" started-at="2019-05-31T12:59:42Z" finished-at="2019-05-31T12:59:49Z">
      <class name="com.guru99.tests.Test99GuruHomePage">
        <test-method status="PASS" signature="setUp(java.lang.String)[pri:0, instance:com.guru99.tests.Test99GuruHomePage@61dc03ce]" name="setUp" is-config="true" duration-ms="7200" started-at="2019-05-31T12:59:42Z" finished-at="2019-05-31T12:59:49Z">
          <params>
            <param index="0">
              <value>
                <![CDATA[FireFox]]>
              </value>
            </param>
          </params>
        </test-method>
        <test-method status="PASS" signature="test_Home_Page_DashBoard_UserName()[pri:0, instance:com.guru99.tests.Test99GuruHomePage@61dc03ce]" name="test_Home_Page_DashBoard_UserName" duration-ms="74" started-at="2019-05-31T12:59:49Z" finished-at="2019-05-31T12:59:49Z">
        </test-method>
        <test-method status="PASS" signature="teardown()[pri:0, instance:com.guru99.tests.Test99GuruHomePage@61dc03ce]" name="teardown" is-config="true" duration-ms="549" started-at="2019-05-31T12:59:49Z" finished-at="2019-05-31T12:59:49Z">
        </test-method>
      </class>
    </test>
  </suite>
</testng-results>
