<?xml version="1.0" encoding="UTF-8"?>
<testng-results skipped="0" failed="0" total="1" passed="1">
  <reporter-output>
  </reporter-output>
  <suite name="Default suite" duration-ms="3331" started-at="2019-05-31T18:40:18Z" finished-at="2019-05-31T18:40:21Z">
    <groups>
    </groups>
    <test name="Default test" duration-ms="3331" started-at="2019-05-31T18:40:18Z" finished-at="2019-05-31T18:40:21Z">
      <class name="com.examples.selenium.locators.assertTable">
        <test-method status="PASS" signature="setUp()[pri:0, instance:com.examples.selenium.locators.assertTable@7921b0a2]" name="setUp" is-config="true" duration-ms="7" started-at="2019-05-31T18:40:18Z" finished-at="2019-05-31T18:40:18Z">
        </test-method>
        <test-method status="PASS" signature="testAssertTable()[pri:0, instance:com.examples.selenium.locators.assertTable@7921b0a2]" name="testAssertTable" duration-ms="3316" started-at="2019-05-31T18:40:18Z" finished-at="2019-05-31T18:40:21Z">
        </test-method>
        <test-method status="PASS" signature="tearDown()[pri:0, instance:com.examples.selenium.locators.assertTable@7921b0a2]" name="tearDown" is-config="true" duration-ms="1" started-at="2019-05-31T18:40:21Z" finished-at="2019-05-31T18:40:21Z">
        </test-method>
      </class>
    </test>
  </suite>
</testng-results>
